Traceback (most recent call last):
  File "D:\Python313\Lib\site-packages\jupyter_core\utils\__init__.py", line 154, in wrapped
    asyncio.get_running_loop()
    ~~~~~~~~~~~~~~~~~~~~~~~~^^
RuntimeError: no running event loop

During handling of the above exception, another exception occurred:

Traceback (most recent call last):
  File "D:\Python313\Lib\site-packages\jupyter_cache\executors\utils.py", line 58, in single_nb_execution
    executenb(
    ~~~~~~~~~^
        nb,
        ^^^
    ...<4 lines>...
        **kwargs,
        ^^^^^^^^^
    )
    ^
  File "D:\Python313\Lib\site-packages\nbclient\client.py", line 1319, in execute
    return NotebookClient(nb=nb, resources=resources, km=km, **kwargs).execute()
           ~~~~~~~~~~~~~~~~~~~~~~~~~~~~~~~~~~~~~~~~~~~~~~~~~~~~~~~~~~~~~~~~~~~^^
  File "D:\Python313\Lib\site-packages\jupyter_core\utils\__init__.py", line 158, in wrapped
    return loop.run_until_complete(inner)
           ~~~~~~~~~~~~~~~~~~~~~~~^^^^^^^
  File "D:\Python313\Lib\asyncio\base_events.py", line 725, in run_until_complete
    return future.result()
           ~~~~~~~~~~~~~^^
  File "D:\Python313\Lib\site-packages\nbclient\client.py", line 709, in async_execute
    await self.async_execute_cell(
        cell, index, execution_count=self.code_cells_executed + 1
    )
  File "D:\Python313\Lib\site-packages\nbclient\client.py", line 1062, in async_execute_cell
    await self._check_raise_for_error(cell, cell_index, exec_reply)
  File "D:\Python313\Lib\site-packages\nbclient\client.py", line 918, in _check_raise_for_error
    raise CellExecutionError.from_cell_and_msg(cell, exec_reply_content)
nbclient.exceptions.CellExecutionError: An error occurred while executing the following cell:
------------------
adams = FA(
    states={'1', '2', '3', '4'},
    alphabet={'H', 'T'},
    transition_function={
        ('1', 'H'): '2',
        ('1', 'T'): '2',
        ('2', 'H'): '3',
        ('2', 'T'): '4',
        ('3', 'H'): '1',
        ('3', 'T'): '4',
        ('4', 'H'): '4',
        ('4', 'T'): '4'
    },
    start_state='42',
    accept_states={'4'}
)
------------------


[31m---------------------------------------------------------------------------[39m
[31mValueError[39m                                Traceback (most recent call last)
[36mCell[39m[36m [39m[32mIn[9][39m[32m, line 1[39m
[32m----> [39m[32m1[39m adams = [43mFA[49m[43m([49m
[32m      2[39m [43m    [49m[43mstates[49m[43m=[49m[43m{[49m[33;43m'[39;49m[33;43m1[39;49m[33;43m'[39;49m[43m,[49m[43m [49m[33;43m'[39;49m[33;43m2[39;49m[33;43m'[39;49m[43m,[49m[43m [49m[33;43m'[39;49m[33;43m3[39;49m[33;43m'[39;49m[43m,[49m[43m [49m[33;43m'[39;49m[33;43m4[39;49m[33;43m'[39;49m[43m}[49m[43m,[49m
[32m      3[39m [43m    [49m[43malphabet[49m[43m=[49m[43m{[49m[33;43m'[39;49m[33;43mH[39;49m[33;43m'[39;49m[43m,[49m[43m [49m[33;43m'[39;49m[33;43mT[39;49m[33;43m'[39;49m[43m}[49m[43m,[49m
[32m      4[39m [43m    [49m[43mtransition_function[49m[43m=[49m[43m{[49m
[32m      5[39m [43m        [49m[43m([49m[33;43m'[39;49m[33;43m1[39;49m[33;43m'[39;49m[43m,[49m[43m [49m[33;43m'[39;49m[33;43mH[39;49m[33;43m'[39;49m[43m)[49m[43m:[49m[43m [49m[33;43m'[39;49m[33;43m2[39;49m[33;43m'[39;49m[43m,[49m
[32m      6[39m [43m        [49m[43m([49m[33;43m'[39;49m[33;43m1[39;49m[33;43m'[39;49m[43m,[49m[43m [49m[33;43m'[39;49m[33;43mT[39;49m[33;43m'[39;49m[43m)[49m[43m:[49m[43m [49m[33;43m'[39;49m[33;43m2[39;49m[33;43m'[39;49m[43m,[49m
[32m      7[39m [43m        [49m[43m([49m[33;43m'[39;49m[33;43m2[39;49m[33;43m'[39;49m[43m,[49m[43m [49m[33;43m'[39;49m[33;43mH[39;49m[33;43m'[39;49m[43m)[49m[43m:[49m[43m [49m[33;43m'[39;49m[33;43m3[39;49m[33;43m'[39;49m[43m,[49m
[32m      8[39m [43m        [49m[43m([49m[33;43m'[39;49m[33;43m2[39;49m[33;43m'[39;49m[43m,[49m[43m [49m[33;43m'[39;49m[33;43mT[39;49m[33;43m'[39;49m[43m)[49m[43m:[49m[43m [49m[33;43m'[39;49m[33;43m4[39;49m[33;43m'[39;49m[43m,[49m
[32m      9[39m [43m        [49m[43m([49m[33;43m'[39;49m[33;43m3[39;49m[33;43m'[39;49m[43m,[49m[43m [49m[33;43m'[39;49m[33;43mH[39;49m[33;43m'[39;49m[43m)[49m[43m:[49m[43m [49m[33;43m'[39;49m[33;43m1[39;49m[33;43m'[39;49m[43m,[49m
[32m     10[39m [43m        [49m[43m([49m[33;43m'[39;49m[33;43m3[39;49m[33;43m'[39;49m[43m,[49m[43m [49m[33;43m'[39;49m[33;43mT[39;49m[33;43m'[39;49m[43m)[49m[43m:[49m[43m [49m[33;43m'[39;49m[33;43m4[39;49m[33;43m'[39;49m[43m,[49m
[32m     11[39m [43m        [49m[43m([49m[33;43m'[39;49m[33;43m4[39;49m[33;43m'[39;49m[43m,[49m[43m [49m[33;43m'[39;49m[33;43mH[39;49m[33;43m'[39;49m[43m)[49m[43m:[49m[43m [49m[33;43m'[39;49m[33;43m4[39;49m[33;43m'[39;49m[43m,[49m
[32m     12[39m [43m        [49m[43m([49m[33;43m'[39;49m[33;43m4[39;49m[33;43m'[39;49m[43m,[49m[43m [49m[33;43m'[39;49m[33;43mT[39;49m[33;43m'[39;49m[43m)[49m[43m:[49m[43m [49m[33;43m'[39;49m[33;43m4[39;49m[33;43m'[39;49m
[32m     13[39m [43m    [49m[43m}[49m[43m,[49m
[32m     14[39m [43m    [49m[43mstart_state[49m[43m=[49m[33;43m'[39;49m[33;43m42[39;49m[33;43m'[39;49m[43m,[49m
[32m     15[39m [43m    [49m[43maccept_states[49m[43m=[49m[43m{[49m[33;43m'[39;49m[33;43m4[39;49m[33;43m'[39;49m[43m}[49m
[32m     16[39m [43m)[49m

[36mCell[39m[36m [39m[32mIn[6][39m[32m, line 9[39m, in [36mFA.__init__[39m[34m(self, states, alphabet, transition_function, start_state, accept_states)[39m
[32m      6[39m [38;5;28mself[39m.start_state = start_state
[32m      7[39m [38;5;28mself[39m.accept_states = [38;5;28mset[39m(accept_states)
[32m----> [39m[32m9[39m [38;5;28;43mself[39;49m[43m.[49m[43mvalidate[49m[43m([49m[43m)[49m

[36mCell[39m[36m [39m[32mIn[7][39m[32m, line 3[39m, in [36mvalidate[39m[34m(self)[39m
[32m      1[39m [38;5;28;01mdef[39;00m[38;5;250m [39m[34mvalidate[39m([38;5;28mself[39m):
[32m      2[39m   [38;5;28;01mif[39;00m [38;5;28mself[39m.start_state [38;5;129;01mnot[39;00m [38;5;129;01min[39;00m [38;5;28mself[39m.states:
[32m----> [39m[32m3[39m     [38;5;28;01mraise[39;00m [38;5;167;01mValueError[39;00m([33m"[39m[33mStart state must be in states.[39m[33m"[39m)
[32m      4[39m   [38;5;28;01mif[39;00m [38;5;129;01mnot[39;00m [38;5;28mself[39m.accept_states.issubset([38;5;28mself[39m.states):
[32m      5[39m     [38;5;28;01mraise[39;00m [38;5;167;01mValueError[39;00m([33m"[39m[33mAccept states must be a subset of states.[39m[33m"[39m)

[31mValueError[39m: Start state must be in states.

